2025-05-13 09:52:07,531 [INFO] Activator:176 - 


2025-05-13 09:52:07,531 [INFO] Activator:177 - !SESSION log4j initialized
2025-05-13 09:52:10,887 [INFO] LogOutputStream:77 - [STDOUT_REDIRECT] 
2025-05-13 09:52:39,452 [INFO] ApplicationProperties:184 - Using Application install path: C:\ST\STM32CubeIDE_1.18.0\STM32CubeIDE\plugins\com.st.stm32cube.common.mx_6.14.0.202502271554
2025-05-13 09:52:39,479 [INFO] DbMcusXml:78 - Set database path to: C:\ST\STM32CubeIDE_1.18.0\STM32CubeIDE\plugins\com.st.stm32cube.common.mx_6.14.0.202502271554\\db\/mcu/
2025-05-13 09:52:39,479 [INFO] ApiDb:274 - Set plugin database path to: C:\ST\STM32CubeIDE_1.18.0\STM32CubeIDE\plugins\com.st.stm32cube.common.mx_6.14.0.202502271554\\db\/plugins/boardmanager/
2025-05-13 09:52:39,485 [WARN] ApiDb:259 - Overriding images path with different value:  => C:\ST\STM32CubeIDE_1.18.0\STM32CubeIDE\plugins\com.st.stm32cube.common.mx_6.14.0.202502271554\\db\/plugins/mcufinder/images/
2025-05-13 09:52:39,497 [INFO] ApiDb:250 - Set database path to: C:\Users\tranv\.stmcufinder\plugins\mcufinder//mcu/
2025-05-13 09:52:39,499 [INFO] DbMcusAds:125 - Set database path to: C:\Users\tranv\.stmcufinder\plugins\mcufinder//mcu/
2025-05-13 09:52:39,503 [INFO] CrossReferenceDbSqlite:203 - Set database path to: C:\Users\tranv\.stmcufinder\plugins\mcufinder//mcu/cs/
2025-05-13 09:52:39,725 [INFO] RulesReader:64 - Compatibility file has been processed (301 Rules)
2025-05-13 09:52:39,870 [INFO] DbMcusXml:78 - Set database path to: C:\ST\STM32CubeIDE_1.18.0\STM32CubeIDE\plugins\com.st.stm32cube.common.mx_6.14.0.202502271554\\db\/mcu/
2025-05-13 09:52:39,872 [INFO] ApiDb:274 - Set plugin database path to: C:\ST\STM32CubeIDE_1.18.0\STM32CubeIDE\plugins\com.st.stm32cube.common.mx_6.14.0.202502271554\\db\/plugins/boardmanager/
2025-05-13 09:52:39,872 [INFO] ApiDb:261 - Set plugin images path to: C:\ST\STM32CubeIDE_1.18.0\STM32CubeIDE\plugins\com.st.stm32cube.common.mx_6.14.0.202502271554\\db\/plugins/mcufinder/images/
2025-05-13 09:52:39,872 [WARN] DbFile:41 - Overriding database path with different value: C:\Users\tranv\.stmcufinder\plugins\mcufinder/ => C:\Users\tranv\.stmcufinder\plugins\mcufinder
2025-05-13 09:52:39,872 [INFO] ApiDb:250 - Set database path to: C:\Users\tranv\.stmcufinder\plugins\mcufinder//mcu/
2025-05-13 09:52:39,872 [WARN] DbFile:41 - Overriding database path with different value: C:\Users\tranv\.stmcufinder\plugins\mcufinder/ => C:\Users\tranv\.stmcufinder\plugins\mcufinder
2025-05-13 09:52:39,872 [INFO] DbMcusAds:125 - Set database path to: C:\Users\tranv\.stmcufinder\plugins\mcufinder//mcu/
2025-05-13 09:52:39,872 [WARN] DbFile:41 - Overriding database path with different value: C:\Users\tranv\.stmcufinder\plugins\mcufinder/ => C:\Users\tranv\.stmcufinder\plugins\mcufinder
2025-05-13 09:52:39,872 [WARN] DbFile:41 - Overriding database path with different value: C:\Users\tranv\.stmcufinder\plugins\mcufinder/ => C:\Users\tranv\.stmcufinder\plugins\mcufinder
2025-05-13 09:52:39,874 [INFO] CrossReferenceDbSqlite:203 - Set database path to: C:\Users\tranv\.stmcufinder\plugins\mcufinder//mcu/cs/
2025-05-13 09:52:40,006 [INFO] MainPanel:272 - HeapMemory: 268435456
2025-05-13 09:52:40,157 [INFO] DbMcusXml:78 - Set database path to: C:\ST\STM32CubeIDE_1.18.0\STM32CubeIDE\plugins\com.st.stm32cube.common.mx_6.14.0.202502271554\\db\/mcu/
2025-05-13 09:52:40,157 [INFO] ApiDb:274 - Set plugin database path to: C:\ST\STM32CubeIDE_1.18.0\STM32CubeIDE\plugins\com.st.stm32cube.common.mx_6.14.0.202502271554\\db\/plugins/boardmanager/
2025-05-13 09:52:40,157 [INFO] ApiDb:261 - Set plugin images path to: C:\ST\STM32CubeIDE_1.18.0\STM32CubeIDE\plugins\com.st.stm32cube.common.mx_6.14.0.202502271554\\db\/plugins/mcufinder/images/
2025-05-13 09:52:40,158 [WARN] DbFile:41 - Overriding database path with different value: C:\Users\tranv\.stmcufinder\plugins\mcufinder/ => C:\Users\tranv\.stmcufinder\plugins\mcufinder
2025-05-13 09:52:40,158 [INFO] ApiDb:250 - Set database path to: C:\Users\tranv\.stmcufinder\plugins\mcufinder//mcu/
2025-05-13 09:52:40,158 [WARN] DbFile:41 - Overriding database path with different value: C:\Users\tranv\.stmcufinder\plugins\mcufinder/ => C:\Users\tranv\.stmcufinder\plugins\mcufinder
2025-05-13 09:52:40,158 [INFO] DbMcusAds:125 - Set database path to: C:\Users\tranv\.stmcufinder\plugins\mcufinder//mcu/
2025-05-13 09:52:40,158 [WARN] DbFile:41 - Overriding database path with different value: C:\Users\tranv\.stmcufinder\plugins\mcufinder/ => C:\Users\tranv\.stmcufinder\plugins\mcufinder
2025-05-13 09:52:40,158 [WARN] DbFile:41 - Overriding database path with different value: C:\Users\tranv\.stmcufinder\plugins\mcufinder/ => C:\Users\tranv\.stmcufinder\plugins\mcufinder
2025-05-13 09:52:40,158 [INFO] CrossReferenceDbSqlite:203 - Set database path to: C:\Users\tranv\.stmcufinder\plugins\mcufinder//mcu/cs/
2025-05-13 09:52:40,180 [INFO] ApplicationProperties:184 - Using Application install path: C:\ST\STM32CubeIDE_1.18.0\STM32CubeIDE\plugins\com.st.stm32cube.common.mx_6.14.0.202502271554
2025-05-13 09:52:40,182 [INFO] PluginManage:196 - Search for loadable plugins [exclusion list=, ]
2025-05-13 09:52:40,185 [INFO] PluginManage:310 - Check plugin analytics
2025-05-13 09:52:40,456 [INFO] AnalyticsPlugin:253 - Accepted Software Licenses: STM32CubeMX.6.14.0
2025-05-13 09:52:40,457 [INFO] AnalyticsPlugin:255 - Accepted CMSIS Pack Licenses: 
2025-05-13 09:52:40,457 [INFO] AnalyticsPlugin:257 - Accepted Firmware Licenses: FW.F4.1.28.0
2025-05-13 09:52:40,461 [INFO] PluginManage:359 - Loaded plugin analytics (category:tool,tabindex:-1)
2025-05-13 09:52:40,462 [INFO] PluginManage:310 - Check plugin cadmodel
2025-05-13 09:52:40,469 [INFO] CADModel:105 - Init CAD model plugin
2025-05-13 09:52:40,470 [INFO] PluginManage:359 - Loaded plugin cadmodel (category:power,tabindex:5)
2025-05-13 09:52:40,470 [INFO] PluginManage:310 - Check plugin clock
2025-05-13 09:52:40,483 [INFO] PluginManage:359 - Loaded plugin clock (category:base,tabindex:2)
2025-05-13 09:52:40,484 [INFO] PluginManage:310 - Check plugin ddr
2025-05-13 09:52:40,489 [INFO] PluginManage:359 - Loaded plugin ddr (category:tool,tabindex:6)
2025-05-13 09:52:40,489 [INFO] PluginManage:310 - Check plugin filemanager
2025-05-13 09:52:40,812 [INFO] PluginManage:359 - Loaded plugin filemanager (category:base,tabindex:10)
2025-05-13 09:52:40,812 [INFO] PluginManage:310 - Check plugin ipmanager
2025-05-13 09:52:40,824 [INFO] PluginManage:359 - Loaded plugin ipmanager (category:base,tabindex:5)
2025-05-13 09:52:40,824 [INFO] PluginManage:310 - Check plugin lpbam
2025-05-13 09:52:40,834 [INFO] PluginManage:359 - Loaded plugin lpbam (category:base,tabindex:0)
2025-05-13 09:52:40,834 [INFO] PluginManage:310 - Check plugin memorymap
2025-05-13 09:52:40,847 [INFO] PluginManage:359 - Loaded plugin memorymap (category:base,tabindex:4)
2025-05-13 09:52:40,847 [INFO] PluginManage:310 - Check plugin pinoutandconfiguration
2025-05-13 09:52:40,857 [INFO] PluginManage:359 - Loaded plugin pinoutandconfiguration (category:base,tabindex:1)
2025-05-13 09:52:40,857 [INFO] PluginManage:310 - Check plugin pinoutconfig
2025-05-13 09:52:40,988 [WARN] SupportedApi:132 - Cannot load RTOS API schema: s4s-elt-must-match.1: The content of 'definitions' must match (annotation?, (simpleType | complexType)?, (unique | key | keyref)*)). A problem was found starting at: attribute.
2025-05-13 09:52:41,177 [INFO] PluginManage:359 - Loaded plugin pinoutconfig (category:base,tabindex:0)
2025-05-13 09:52:41,177 [INFO] PluginManage:310 - Check plugin power
2025-05-13 09:52:41,190 [INFO] PluginManage:359 - Loaded plugin power (category:power,tabindex:4)
2025-05-13 09:52:41,190 [INFO] PluginManage:310 - Check plugin projectmanager
2025-05-13 09:52:41,209 [INFO] PluginManage:359 - Loaded plugin projectmanager (category:projectmanager,tabindex:4)
2025-05-13 09:52:41,210 [INFO] PluginManage:310 - Check plugin rif
2025-05-13 09:52:41,218 [INFO] PluginManage:359 - Loaded plugin rif (category:base,tabindex:3)
2025-05-13 09:52:41,219 [INFO] PluginManage:310 - Check plugin thirdparty
2025-05-13 09:52:41,365 [INFO] PluginManage:359 - Loaded plugin thirdparty (category:base,tabindex:-1)
2025-05-13 09:52:41,366 [INFO] PluginManage:310 - Check plugin tools
2025-05-13 09:52:41,365 [WARN] IntegrityCheckThread:84 - waiting for thirdparty lock release [integrity check]
2025-05-13 09:52:41,366 [INFO] IntegrityCheckThread:86 - entering critical section [integrity check]
2025-05-13 09:52:41,367 [INFO] ThirdPartyUpdaterWithRetryManager:70 - Updater plugin not ready yet. [1/15]
2025-05-13 09:52:41,371 [INFO] PluginManage:359 - Loaded plugin tools (category:base,tabindex:7)
2025-05-13 09:52:41,371 [INFO] PluginManage:310 - Check plugin tutovideos
2025-05-13 09:52:41,545 [INFO] PluginManage:359 - Loaded plugin tutovideos (category:base,tabindex:-1)
2025-05-13 09:52:41,545 [INFO] PluginManage:310 - Check plugin updater
2025-05-13 09:52:41,572 [INFO] PluginManage:359 - Loaded plugin updater (category:base,tabindex:12)
2025-05-13 09:52:41,572 [INFO] PluginManage:310 - Check plugin userauth
2025-05-13 09:52:41,576 [INFO] UserAuth:118 - Init User Auth plugin
2025-05-13 09:52:41,577 [INFO] PluginManage:359 - Loaded plugin userauth (category:base,tabindex:14)
2025-05-13 09:52:41,578 [INFO] PluginManage:283 - PluginManage : Loaded plugins [18]
2025-05-13 09:52:41,889 [INFO] PinOutPanel:1589 - setPackage(No Configuration,No Configuration)
2025-05-13 09:52:42,041 [INFO] CADModel:165 - CPN selected for project level
2025-05-13 09:52:42,041 [INFO] CADModel:114 - Register for checkConnection events
2025-05-13 09:52:42,059 [INFO] IPUIPlugin:80 - create IPUIPlugin
2025-05-13 09:52:42,059 [INFO] PluginManager:220 - loadIPPluginJar : add adc
2025-05-13 09:52:42,062 [INFO] IPUIPlugin:80 - create IPUIPlugin
2025-05-13 09:52:42,062 [INFO] PluginManager:220 - loadIPPluginJar : add aes
2025-05-13 09:52:42,064 [INFO] IPUIPlugin:80 - create IPUIPlugin
2025-05-13 09:52:42,064 [INFO] PluginManager:220 - loadIPPluginJar : add can
2025-05-13 09:52:42,066 [INFO] IPUIPlugin:80 - create IPUIPlugin
2025-05-13 09:52:42,066 [INFO] PluginManager:220 - loadIPPluginJar : add comp
2025-05-13 09:52:42,071 [INFO] IPUIPlugin:80 - create IPUIPlugin
2025-05-13 09:52:42,071 [INFO] PluginManager:220 - loadIPPluginJar : add cryp
2025-05-13 09:52:42,073 [INFO] IPUIPlugin:80 - create IPUIPlugin
2025-05-13 09:52:42,073 [INFO] PluginManager:220 - loadIPPluginJar : add ddr_ctrl_phy
2025-05-13 09:52:42,075 [INFO] IPUIPlugin:80 - create IPUIPlugin
2025-05-13 09:52:42,075 [INFO] PluginManager:220 - loadIPPluginJar : add dfsdm
2025-05-13 09:52:42,081 [INFO] IPUIPlugin:80 - create IPUIPlugin
2025-05-13 09:52:42,081 [INFO] PluginManager:220 - loadIPPluginJar : add dma
2025-05-13 09:52:42,085 [INFO] IPUIPlugin:80 - create IPUIPlugin
2025-05-13 09:52:42,085 [INFO] PluginManager:220 - loadIPPluginJar : add dma3
2025-05-13 09:52:42,091 [INFO] IPUIPlugin:80 - create IPUIPlugin
2025-05-13 09:52:42,091 [INFO] PluginManager:220 - loadIPPluginJar : add extmemmanager
2025-05-13 09:52:42,094 [INFO] IPUIPlugin:80 - create IPUIPlugin
2025-05-13 09:52:42,094 [INFO] PluginManager:220 - loadIPPluginJar : add fatfs
2025-05-13 09:52:42,100 [INFO] IPUIPlugin:80 - create IPUIPlugin
2025-05-13 09:52:42,100 [INFO] PluginManager:220 - loadIPPluginJar : add fmc
2025-05-13 09:52:42,108 [INFO] IPUIPlugin:80 - create IPUIPlugin
2025-05-13 09:52:42,109 [INFO] PluginManager:220 - loadIPPluginJar : add freertos
2025-05-13 09:52:42,111 [INFO] IPUIPlugin:80 - create IPUIPlugin
2025-05-13 09:52:42,111 [INFO] PluginManager:220 - loadIPPluginJar : add genericplugin
2025-05-13 09:52:42,115 [INFO] IPUIPlugin:80 - create IPUIPlugin
2025-05-13 09:52:42,115 [INFO] PluginManager:220 - loadIPPluginJar : add gfxmmu
2025-05-13 09:52:42,124 [INFO] IPUIPlugin:80 - create IPUIPlugin
2025-05-13 09:52:42,124 [INFO] PluginManager:220 - loadIPPluginJar : add gic
2025-05-13 09:52:42,130 [INFO] IPUIPlugin:80 - create IPUIPlugin
2025-05-13 09:52:42,130 [INFO] PluginManager:220 - loadIPPluginJar : add gpio
2025-05-13 09:52:42,135 [INFO] IPUIPlugin:80 - create IPUIPlugin
2025-05-13 09:52:42,135 [INFO] PluginManager:220 - loadIPPluginJar : add gtzc
2025-05-13 09:52:42,139 [INFO] IPUIPlugin:80 - create IPUIPlugin
2025-05-13 09:52:42,139 [INFO] PluginManager:220 - loadIPPluginJar : add hash
2025-05-13 09:52:42,142 [INFO] IPUIPlugin:80 - create IPUIPlugin
2025-05-13 09:52:42,144 [INFO] PluginManager:220 - loadIPPluginJar : add i2c
2025-05-13 09:52:42,147 [INFO] IPUIPlugin:80 - create IPUIPlugin
2025-05-13 09:52:42,148 [INFO] PluginManager:220 - loadIPPluginJar : add i2s
2025-05-13 09:52:42,153 [INFO] IPUIPlugin:80 - create IPUIPlugin
2025-05-13 09:52:42,153 [INFO] PluginManager:220 - loadIPPluginJar : add i3c
2025-05-13 09:52:42,157 [INFO] IPUIPlugin:80 - create IPUIPlugin
2025-05-13 09:52:42,158 [INFO] PluginManager:220 - loadIPPluginJar : add ipddr
2025-05-13 09:52:42,169 [INFO] IPUIPlugin:80 - create IPUIPlugin
2025-05-13 09:52:42,169 [INFO] PluginManager:220 - loadIPPluginJar : add linkedlist
2025-05-13 09:52:42,174 [INFO] IPUIPlugin:80 - create IPUIPlugin
2025-05-13 09:52:42,175 [INFO] PluginManager:220 - loadIPPluginJar : add lorawan
2025-05-13 09:52:42,177 [INFO] IPUIPlugin:80 - create IPUIPlugin
2025-05-13 09:52:42,177 [INFO] PluginManager:220 - loadIPPluginJar : add ltdc
2025-05-13 09:52:42,185 [INFO] IPUIPlugin:80 - create IPUIPlugin
2025-05-13 09:52:42,185 [INFO] PluginManager:220 - loadIPPluginJar : add mdma
2025-05-13 09:52:42,190 [INFO] IPUIPlugin:80 - create IPUIPlugin
2025-05-13 09:52:42,191 [INFO] PluginManager:220 - loadIPPluginJar : add nvic
2025-05-13 09:52:42,195 [INFO] IPUIPlugin:80 - create IPUIPlugin
2025-05-13 09:52:42,195 [INFO] PluginManager:220 - loadIPPluginJar : add opamp
2025-05-13 09:52:42,200 [INFO] IPUIPlugin:80 - create IPUIPlugin
2025-05-13 09:52:42,201 [INFO] PluginManager:220 - loadIPPluginJar : add openamp
2025-05-13 09:52:42,205 [INFO] IPUIPlugin:80 - create IPUIPlugin
2025-05-13 09:52:42,205 [INFO] PluginManager:220 - loadIPPluginJar : add pdm2pcm
2025-05-13 09:52:42,214 [INFO] IPUIPlugin:80 - create IPUIPlugin
2025-05-13 09:52:42,221 [INFO] PluginManager:220 - loadIPPluginJar : add plateformsettings
2025-05-13 09:52:42,222 [INFO] IPUIPlugin:80 - create IPUIPlugin
2025-05-13 09:52:42,223 [INFO] PluginManager:220 - loadIPPluginJar : add quadspi
2025-05-13 09:52:42,226 [INFO] IPUIPlugin:80 - create IPUIPlugin
2025-05-13 09:52:42,227 [INFO] PluginManager:220 - loadIPPluginJar : add radio
2025-05-13 09:52:42,231 [INFO] IPUIPlugin:80 - create IPUIPlugin
2025-05-13 09:52:42,231 [INFO] PluginManager:220 - loadIPPluginJar : add resmgrutility
2025-05-13 09:52:42,237 [INFO] IPUIPlugin:80 - create IPUIPlugin
2025-05-13 09:52:42,237 [INFO] PluginManager:220 - loadIPPluginJar : add sai
2025-05-13 09:52:42,241 [INFO] IPUIPlugin:80 - create IPUIPlugin
2025-05-13 09:52:42,241 [INFO] PluginManager:220 - loadIPPluginJar : add spi
2025-05-13 09:52:42,250 [INFO] IPUIPlugin:80 - create IPUIPlugin
2025-05-13 09:52:42,251 [INFO] PluginManager:220 - loadIPPluginJar : add stm32_wpan
2025-05-13 09:52:42,253 [INFO] IPUIPlugin:80 - create IPUIPlugin
2025-05-13 09:52:42,253 [INFO] PluginManager:220 - loadIPPluginJar : add tim
2025-05-13 09:52:42,256 [INFO] IPUIPlugin:80 - create IPUIPlugin
2025-05-13 09:52:42,257 [INFO] PluginManager:220 - loadIPPluginJar : add touchsensing
2025-05-13 09:52:42,259 [INFO] IPUIPlugin:80 - create IPUIPlugin
2025-05-13 09:52:42,259 [INFO] PluginManager:220 - loadIPPluginJar : add tracer_emb
2025-05-13 09:52:42,261 [INFO] IPUIPlugin:80 - create IPUIPlugin
2025-05-13 09:52:42,261 [INFO] PluginManager:220 - loadIPPluginJar : add ts
2025-05-13 09:52:42,264 [INFO] IPUIPlugin:80 - create IPUIPlugin
2025-05-13 09:52:42,264 [INFO] PluginManager:220 - loadIPPluginJar : add tsc
2025-05-13 09:52:42,267 [INFO] IPUIPlugin:80 - create IPUIPlugin
2025-05-13 09:52:42,268 [INFO] PluginManager:220 - loadIPPluginJar : add ucpd
2025-05-13 09:52:42,271 [INFO] IPUIPlugin:80 - create IPUIPlugin
2025-05-13 09:52:42,272 [INFO] PluginManager:220 - loadIPPluginJar : add usart
2025-05-13 09:52:42,276 [INFO] IPUIPlugin:80 - create IPUIPlugin
2025-05-13 09:52:42,276 [INFO] PluginManager:220 - loadIPPluginJar : add usbx
2025-05-13 09:52:42,415 [FATAL] Updater:351 - Updater called before beeing initialized
2025-05-13 09:52:42,458 [INFO] RulesReader:64 - Compatibility file has been processed (301 Rules)
2025-05-13 09:52:42,480 [INFO] RulesReader:64 - Compatibility file has been processed (301 Rules)
2025-05-13 09:52:42,496 [INFO] CADModel:165 - CPN selected for project level
2025-05-13 09:52:42,496 [INFO] CADModel:114 - Register for checkConnection events
2025-05-13 09:52:42,496 [FATAL] Updater:351 - Updater called before beeing initialized
2025-05-13 09:52:42,496 [ERROR] CADModel:125 - Updater not yet initialized, retry later 
2025-05-13 09:52:42,706 [FATAL] Updater:351 - Updater called before beeing initialized
2025-05-13 09:52:42,708 [INFO] CADModel:165 - CPN selected for project level
2025-05-13 09:52:42,708 [INFO] CADModel:114 - Register for checkConnection events
2025-05-13 09:52:42,708 [FATAL] Updater:351 - Updater called before beeing initialized
2025-05-13 09:52:42,708 [ERROR] CADModel:125 - Updater not yet initialized, retry later 
2025-05-13 09:52:42,713 [FATAL] Updater:351 - Updater called before beeing initialized
2025-05-13 09:52:42,881 [FATAL] Updater:351 - Updater called before beeing initialized
2025-05-13 09:52:42,886 [INFO] DbMcusAds:53 - JSON generation date=Thu Mar 06 21:54:22 ICT 2025 (1741272862078)
2025-05-13 09:52:42,886 [FATAL] Updater:351 - Updater called before beeing initialized
2025-05-13 09:52:42,935 [WARN] DetailPanel:346 - Failed to get advertising image, set to default
2025-05-13 09:52:43,255 [FATAL] Updater:351 - Updater called before beeing initialized
2025-05-13 09:52:43,258 [FATAL] Updater:351 - Updater called before beeing initialized
2025-05-13 09:52:43,258 [FATAL] Updater:351 - Updater called before beeing initialized
2025-05-13 09:52:43,259 [WARN] DetailPanel:346 - Failed to get advertising image, set to default
2025-05-13 09:52:43,260 [FATAL] Updater:351 - Updater called before beeing initialized
2025-05-13 09:52:43,324 [ERROR] Updater:1198 - MainUpdater not yet initialized. External WinMGr cannot be set.
2025-05-13 09:52:43,326 [INFO] Updater:1134 - Updater Version found : 6.14.0
2025-05-13 09:52:43,344 [INFO] ApplicationProperties:184 - Using Application install path: C:\ST\STM32CubeIDE_1.18.0\STM32CubeIDE\plugins\com.st.stm32cube.common.mx_6.14.0.202502271554
2025-05-13 09:52:43,779 [INFO] MainUpdater:2872 - connection check result : 10
2025-05-13 09:52:43,780 [INFO] MainUpdater:289 - Updater Check For Update Now.
2025-05-13 09:52:43,780 [INFO] MicroXplorer:498 - Change Database Version : DB.6.0.140
2025-05-13 09:52:43,789 [INFO] McuFinderGlobals:63 - Set McuFinder mode to 2 (CubeIDE integrated)
2025-05-13 09:52:43,790 [INFO] UserAuth:171 - activating auth plugin
2025-05-13 09:52:43,794 [INFO] UserAuth:486 - Internet connection configuration mode: 1
2025-05-13 09:52:43,837 [INFO] JxBrowserEngine:152 - Initiate JxBrowser Engine with user profile folder
2025-05-13 09:52:44,032 [INFO] CheckServerUpdateThread:120 - End of CheckServer Thread
2025-05-13 09:52:44,638 [WARN] PackLoader:240 - Cannot read IP mode file for STMicroelectronics.FP-SNS-MOTENV1.5.0.0
2025-05-13 09:52:44,660 [WARN] PackLoader:240 - Cannot read IP mode file for STMicroelectronics.FP-ATR-SIGFOX1.3.2.0
2025-05-13 09:52:44,687 [WARN] PackLoader:240 - Cannot read IP mode file for STMicroelectronics.FP-SNS-STBOX1.2.0.0
2025-05-13 09:52:44,698 [INFO] ThirdParty:978 - Integrity check success = true
2025-05-13 09:52:44,698 [INFO] IntegrityCheckThread:100 - exiting critical section [integrity check]
2025-05-13 09:52:44,698 [INFO] IntegrityCheckThread:103 - End integrity checks thread
2025-05-13 09:52:44,945 [INFO] WebApp:169 - Instantiating new browser for Auth
2025-05-13 09:52:46,325 [INFO] WebApp:463 - Apply proxy settings
2025-05-13 09:52:46,325 [INFO] WebApp:548 - Chromium requires no authentication
2025-05-13 09:52:46,341 [INFO] WebApp:491 - Direct internet connection detected
2025-05-13 09:52:46,381 [INFO] WebApp:894 - Register for checkConnection events
2025-05-13 09:52:46,382 [INFO] WebApp:463 - Apply proxy settings
2025-05-13 09:52:46,382 [INFO] WebApp:548 - Chromium requires no authentication
2025-05-13 09:52:46,383 [INFO] WebApp:491 - Direct internet connection detected
2025-05-13 09:52:46,700 [INFO] WebApp:191 - Connection restablished
2025-05-13 09:52:46,737 [INFO] WebApp:225 - Starting web application
2025-05-13 09:52:46,737 [INFO] WebApp:593 - Web application path used C:\ST\STM32CubeIDE_1.18.0\STM32CubeIDE\plugins\com.st.stm32cube.common.mx_6.14.0.202502271554\db\plugins\mcufinder\reactClient1\index.html
2025-05-13 09:53:06,512 [ERROR] LogOutputStream:75 - [STDERR_REDIRECT] 
